<?xml version="1.0" encoding="UTF-8"?>
<testsuite name="ca.architech.todo.TodoApiApplicationTests" tests="4" skipped="0" failures="0" errors="0" timestamp="2017-11-29T23:02:09" hostname="jkim-X1" time="0.265">
  <properties/>
  <testcase name="findNotDone" classname="ca.architech.todo.TodoApiApplicationTests" time="0.213"/>
  <testcase name="findById" classname="ca.architech.todo.TodoApiApplicationTests" time="0.021"/>
  <testcase name="findDone" classname="ca.architech.todo.TodoApiApplicationTests" time="0.011"/>
  <testcase name="findByTag" classname="ca.architech.todo.TodoApiApplicationTests" time="0.017"/>
  <system-out><![CDATA[18:02:04.493 [Test worker] DEBUG org.springframework.test.context.junit4.SpringJUnit4ClassRunner - SpringJUnit4ClassRunner constructor called with [class ca.architech.todo.TodoApiApplicationTests]
18:02:04.499 [Test worker] DEBUG org.springframework.test.context.BootstrapUtils - Instantiating CacheAwareContextLoaderDelegate from class [org.springframework.test.context.cache.DefaultCacheAwareContextLoaderDelegate]
18:02:04.507 [Test worker] DEBUG org.springframework.test.context.BootstrapUtils - Instantiating BootstrapContext using constructor [public org.springframework.test.context.support.DefaultBootstrapContext(java.lang.Class,org.springframework.test.context.CacheAwareContextLoaderDelegate)]
18:02:04.523 [Test worker] DEBUG org.springframework.test.context.BootstrapUtils - Instantiating TestContextBootstrapper for test class [ca.architech.todo.TodoApiApplicationTests] from class [org.springframework.boot.test.context.SpringBootTestContextBootstrapper]
18:02:04.531 [Test worker] INFO org.springframework.boot.test.context.SpringBootTestContextBootstrapper - Neither @ContextConfiguration nor @ContextHierarchy found for test class [ca.architech.todo.TodoApiApplicationTests], using SpringBootContextLoader
18:02:04.534 [Test worker] DEBUG org.springframework.test.context.support.AbstractContextLoader - Did not detect default resource location for test class [ca.architech.todo.TodoApiApplicationTests]: class path resource [ca/architech/todo/TodoApiApplicationTests-context.xml] does not exist
18:02:04.535 [Test worker] DEBUG org.springframework.test.context.support.AbstractContextLoader - Did not detect default resource location for test class [ca.architech.todo.TodoApiApplicationTests]: class path resource [ca/architech/todo/TodoApiApplicationTestsContext.groovy] does not exist
18:02:04.535 [Test worker] INFO org.springframework.test.context.support.AbstractContextLoader - Could not detect default resource locations for test class [ca.architech.todo.TodoApiApplicationTests]: no resource found for suffixes {-context.xml, Context.groovy}.
18:02:04.536 [Test worker] INFO org.springframework.test.context.support.AnnotationConfigContextLoaderUtils - Could not detect default configuration classes for test class [ca.architech.todo.TodoApiApplicationTests]: TodoApiApplicationTests does not declare any static, non-private, non-final, nested classes annotated with @Configuration.
18:02:04.567 [Test worker] DEBUG org.springframework.test.context.support.ActiveProfilesUtils - Could not find an 'annotation declaring class' for annotation type [org.springframework.test.context.ActiveProfiles] and class [ca.architech.todo.TodoApiApplicationTests]
18:02:04.573 [Test worker] DEBUG org.springframework.core.env.StandardEnvironment - Adding PropertySource 'systemProperties' with lowest search precedence
18:02:04.573 [Test worker] DEBUG org.springframework.core.env.StandardEnvironment - Adding PropertySource 'systemEnvironment' with lowest search precedence
18:02:04.574 [Test worker] DEBUG org.springframework.core.env.StandardEnvironment - Initialized StandardEnvironment with PropertySources [MapPropertySource@1290531340 {name='systemProperties', properties={java.runtime.name=OpenJDK Runtime Environment, sun.boot.library.path=/usr/lib/jvm/java-8-openjdk-amd64/jre/lib/amd64, java.vm.version=25.151-b12, java.vm.vendor=Oracle Corporation, java.vendor.url=http://java.oracle.com/, path.separator=:, java.vm.name=OpenJDK 64-Bit Server VM, file.encoding.pkg=sun.io, sun.java.launcher=SUN_STANDARD, user.country=CA, sun.os.patch.level=unknown, java.vm.specification.name=Java Virtual Machine Specification, user.dir=/home/jungho/projects/k8s-fundamentals/todo-app/todo-api-java, java.runtime.version=1.8.0_151-8u151-b12-0ubuntu0.16.04.2-b12, java.awt.graphicsenv=sun.awt.X11GraphicsEnvironment, java.endorsed.dirs=/usr/lib/jvm/java-8-openjdk-amd64/jre/lib/endorsed, os.arch=amd64, java.io.tmpdir=/tmp, line.separator=
, java.vm.specification.vendor=Oracle Corporation, user.variant=, os.name=Linux, sun.jnu.encoding=UTF-8, java.library.path=/usr/java/packages/lib/amd64:/usr/lib/x86_64-linux-gnu/jni:/lib/x86_64-linux-gnu:/usr/lib/x86_64-linux-gnu:/usr/lib/jni:/lib:/usr/lib, java.specification.name=Java Platform API Specification, java.class.version=52.0, org.gradle.native=false, sun.management.compiler=HotSpot 64-Bit Tiered Compilers, os.version=4.4.0-101-generic, user.home=/home/jungho, user.timezone=America/Toronto, java.awt.printerjob=sun.print.PSPrinterJob, file.encoding=UTF-8, java.specification.version=1.8, java.class.path=/home/jungho/projects/k8s-fundamentals/todo-app/todo-api-java/build/classes/java/test:/home/jungho/projects/k8s-fundamentals/todo-app/todo-api-java/build/resources/test:/home/jungho/projects/k8s-fundamentals/todo-app/todo-api-java/build/classes/java/main:/home/jungho/projects/k8s-fundamentals/todo-app/todo-api-java/build/resources/main:/home/jungho/.gradle/caches/modules-2/files-2.1/org.springframework.boot/spring-boot-starter-data-mongodb/1.5.9.RELEASE/32db6cd936a07661461bbd8c7edc49ce64f09f95/spring-boot-starter-data-mongodb-1.5.9.RELEASE.jar:/home/jungho/.gradle/caches/modules-2/files-2.1/org.springframework.boot/spring-boot-starter-data-rest/1.5.9.RELEASE/1ebd3bb10019799849d51c49c7d8d3249d43e618/spring-boot-starter-data-rest-1.5.9.RELEASE.jar:/home/jungho/.gradle/caches/modules-2/files-2.1/com.fasterxml.jackson.datatype/jackson-datatype-jsr310/2.9.0/65fd41b086a7451903c9ee216c7699030c449d9c/jackson-datatype-jsr310-2.9.0.jar:/home/jungho/.gradle/caches/modules-2/files-2.1/io.springfox/springfox-swagger2/2.7.0/dd28b7ce26af1209d6ef19f5f24a8c23b41ca6fc/springfox-swagger2-2.7.0.jar:/home/jungho/.gradle/caches/modules-2/files-2.1/io.springfox/springfox-swagger-ui/2.7.0/92608eb6c2056810b4e3189196b4e8cce645d6de/springfox-swagger-ui-2.7.0.jar:/home/jungho/.gradle/caches/modules-2/files-2.1/org.apache.logging.log4j/log4j-core/2.7/a3f2b4e64c61a7fc1ed8f1e5ba371933404ed98a/log4j-core-2.7.jar:/home/jungho/.gradle/caches/modules-2/files-2.1/org.apache.logging.log4j/log4j-api/2.7/8de00e382a817981b737be84cb8def687d392963/log4j-api-2.7.jar:/home/jungho/.gradle/caches/modules-2/files-2.1/org.springframework.boot/spring-boot-devtools/1.5.9.RELEASE/8908280f33c65ffa21789020e7a37d46a798d445/spring-boot-devtools-1.5.9.RELEASE.jar:/home/jungho/.gradle/caches/modules-2/files-2.1/org.springframework.boot/spring-boot-starter-test/1.5.9.RELEASE/b5adf6fbf53be00b7ae52f657d564122edbe5156/spring-boot-starter-test-1.5.9.RELEASE.jar:/home/jungho/.gradle/caches/modules-2/files-2.1/org.springframework.boot/spring-boot-starter-web/1.5.9.RELEASE/bda9733d5e6ba6d1a97deead1738713dc0631b3e/spring-boot-starter-web-1.5.9.RELEASE.jar:/home/jungho/.gradle/caches/modules-2/files-2.1/org.springframework.boot/spring-boot-starter/1.5.9.RELEASE/6bfb34db2715ee86c6e2337fa145650588b4b1b3/spring-boot-starter-1.5.9.RELEASE.jar:/home/jungho/.gradle/caches/modules-2/files-2.1/org.mongodb/mongodb-driver/3.4.3/a1c708919fdca8da4a527cb4ea9df30f8db9993b/mongodb-driver-3.4.3.jar:/home/jungho/.gradle/caches/modules-2/files-2.1/org.springframework.data/spring-data-mongodb/1.10.9.RELEASE/3af5e9fe7da19a3168359ce25126e63142e9120c/spring-data-mongodb-1.10.9.RELEASE.jar:/home/jungho/.gradle/caches/modules-2/files-2.1/org.springframework.data/spring-data-rest-webmvc/2.6.9.RELEASE/9fe9679f0973c92ee61af30acf844260505d496d/spring-data-rest-webmvc-2.6.9.RELEASE.jar:/home/jungho/.gradle/caches/modules-2/files-2.1/com.fasterxml.jackson.core/jackson-databind/2.8.10/f7b83cb2bc4b88d53961e749e1ad32f49ef017b7/jackson-databind-2.8.10.jar:/home/jungho/.gradle/caches/modules-2/files-2.1/io.springfox/springfox-swagger-common/2.7.0/5a632aecc733753887f90592382fa271e546062a/springfox-swagger-common-2.7.0.jar:/home/jungho/.gradle/caches/modules-2/files-2.1/io.swagger/swagger-models/1.5.13/571a0046f35f9dac569a1870465248595e33ccdb/swagger-models-1.5.13.jar:/home/jungho/.gradle/caches/modules-2/files-2.1/org.springframework.data/spring-data-rest-core/2.6.9.RELEASE/7a0350863ea9b32bd57d9520d4996ff11ea643b8/spring-data-rest-core-2.6.9.RELEASE.jar:/home/jungho/.gradle/caches/modules-2/files-2.1/com.fasterxml.jackson.core/jackson-annotations/2.8.0/45b426f7796b741035581a176744d91090e2e6fb/jackson-annotations-2.8.0.jar:/home/jungho/.gradle/caches/modules-2/files-2.1/com.fasterxml.jackson.core/jackson-core/2.8.10/eb21a035c66ad307e66ec8fce37f5d50fd62d039/jackson-core-2.8.10.jar:/home/jungho/.gradle/caches/modules-2/files-2.1/io.swagger/swagger-annotations/1.5.13/72433c890a61a876d22063e269be421c810a1a8d/swagger-annotations-1.5.13.jar:/home/jungho/.gradle/caches/modules-2/files-2.1/io.springfox/springfox-schema/2.7.0/aab297a6781e829b9d6bac514a4dc860966c3c8d/springfox-schema-2.7.0.jar:/home/jungho/.gradle/caches/modules-2/files-2.1/io.springfox/springfox-spring-web/2.7.0/a54be5572b6b5210f6892e13d6b136dde5e96bf6/springfox-spring-web-2.7.0.jar:/home/jungho/.gradle/caches/modules-2/files-2.1/io.springfox/springfox-spi/2.7.0/dab14edcb863dd506278dc950908b4f684e93b7/springfox-spi-2.7.0.jar:/home/jungho/.gradle/caches/modules-2/files-2.1/io.springfox/springfox-core/2.7.0/f3e6d1cf5170b4b56ee0a00c1b3b05221f2ecb96/springfox-core-2.7.0.jar:/home/jungho/.gradle/caches/modules-2/files-2.1/org.reflections/reflections/0.9.11/4c686033d918ec1727e329b7222fcb020152e32b/reflections-0.9.11.jar:/home/jungho/.gradle/caches/modules-2/files-2.1/com.google.guava/guava/20.0/89507701249388e1ed5ddcf8c41f4ce1be7831ef/guava-20.0.jar:/home/jungho/.gradle/caches/modules-2/files-2.1/org.hibernate/hibernate-validator/5.3.6.Final/4c730be8bf55a8e9a61e79a2f2c079abf48b718/hibernate-validator-5.3.6.Final.jar:/home/jungho/.gradle/caches/modules-2/files-2.1/com.fasterxml/classmate/1.3.4/3d5f48f10bbe4eb7bd862f10c0583be2e0053c6/classmate-1.3.4.jar:/home/jungho/.gradle/caches/modules-2/files-2.1/org.springframework.plugin/spring-plugin-metadata/1.2.0.RELEASE/97223fc496b6cab31602eedbd4202aa4fff0d44f/spring-plugin-metadata-1.2.0.RELEASE.jar:/home/jungho/.gradle/caches/modules-2/files-2.1/org.springframework.plugin/spring-plugin-core/1.2.0.RELEASE/f380e7760032e7d929184f8ad8a33716b75c0657/spring-plugin-core-1.2.0.RELEASE.jar:/home/jungho/.gradle/caches/modules-2/files-2.1/com.jayway.jsonpath/json-path/2.2.0/22290d17944bd239fabf5ac69005a60a7ecbbbcb/json-path-2.2.0.jar:/home/jungho/.gradle/caches/modules-2/files-2.1/org.springframework.boot/spring-boot-starter-logging/1.5.9.RELEASE/30fd62a1ce9639759d90d49608501082314c1628/spring-boot-starter-logging-1.5.9.RELEASE.jar:/home/jungho/.gradle/caches/modules-2/files-2.1/org.springframework.data/spring-data-commons/1.13.9.RELEASE/3910a598235d2e9c1ca56f34c5e62bb5ce23778/spring-data-commons-1.13.9.RELEASE.jar:/home/jungho/.gradle/caches/modules-2/files-2.1/org.slf4j/jcl-over-slf4j/1.7.25/f8c32b13ff142a513eeb5b6330b1588dcb2c0461/jcl-over-slf4j-1.7.25.jar:/home/jungho/.gradle/caches/modules-2/files-2.1/ch.qos.logback/logback-classic/1.1.11/ccedfbacef4a6515d2983e3f89ed753d5d4fb665/logback-classic-1.1.11.jar:/home/jungho/.gradle/caches/modules-2/files-2.1/org.slf4j/jul-to-slf4j/1.7.25/af5364cd6679bfffb114f0dec8a157aaa283b76/jul-to-slf4j-1.7.25.jar:/home/jungho/.gradle/caches/modules-2/files-2.1/org.slf4j/log4j-over-slf4j/1.7.25/a87bb47468f47ee7aabbd54f93e133d4215769c3/log4j-over-slf4j-1.7.25.jar:/home/jungho/.gradle/caches/modules-2/files-2.1/org.springframework.hateoas/spring-hateoas/0.23.0.RELEASE/678ffa0798f417a794fea592dc8066e325611919/spring-hateoas-0.23.0.RELEASE.jar:/home/jungho/.gradle/caches/modules-2/files-2.1/org.slf4j/slf4j-api/1.7.25/da76ca59f6a57ee3102f8f9bd9cee742973efa8a/slf4j-api-1.7.25.jar:/home/jungho/.gradle/caches/modules-2/files-2.1/org.mapstruct/mapstruct/1.1.0.Final/65b81fa5234e1fd8461b77bbccee7b9ebc0bbbb2/mapstruct-1.1.0.Final.jar:/home/jungho/.gradle/caches/modules-2/files-2.1/org.springframework.boot/spring-boot-test-autoconfigure/1.5.9.RELEASE/b428495e25b0531b2a977f51c5d29011c817b8ee/spring-boot-test-autoconfigure-1.5.9.RELEASE.jar:/home/jungho/.gradle/caches/modules-2/files-2.1/org.springframework.boot/spring-boot-autoconfigure/1.5.9.RELEASE/88dd18bdaf317ae40971573a051fd47265f2ed39/spring-boot-autoconfigure-1.5.9.RELEASE.jar:/home/jungho/.gradle/caches/modules-2/files-2.1/org.springframework.boot/spring-boot-test/1.5.9.RELEASE/7e604d56325f04a8b89a280e647746fc69e5a21f/spring-boot-test-1.5.9.RELEASE.jar:/home/jungho/.gradle/caches/modules-2/files-2.1/org.springframework.boot/spring-boot/1.5.9.RELEASE/f472cdf948288796fb31e0bb03f6e7b022b763a0/spring-boot-1.5.9.RELEASE.jar:/home/jungho/.gradle/caches/modules-2/files-2.1/junit/junit/4.12/2973d150c0dc1fefe998f834810d68f278ea58ec/junit-4.12.jar:/home/jungho/.gradle/caches/modules-2/files-2.1/org.assertj/assertj-core/2.6.0/b532c3fc4f66bcfee4989a3514f1cd56203a33ad/assertj-core-2.6.0.jar:/home/jungho/.gradle/caches/modules-2/files-2.1/org.mockito/mockito-core/1.10.19/e8546f5bef4e061d8dd73895b4e8f40e3fe6effe/mockito-core-1.10.19.jar:/home/jungho/.gradle/caches/modules-2/files-2.1/org.hamcrest/hamcrest-library/1.3/4785a3c21320980282f9f33d0d1264a69040538f/hamcrest-library-1.3.jar:/home/jungho/.gradle/caches/modules-2/files-2.1/org.hamcrest/hamcrest-core/1.3/42a25dc3219429f0e5d060061f71acb49bf010a0/hamcrest-core-1.3.jar:/home/jungho/.gradle/caches/modules-2/files-2.1/org.skyscreamer/jsonassert/1.4.0/9cdbb373a06f6513e51e8c545ee6a5e981463edb/jsonassert-1.4.0.jar:/home/jungho/.gradle/caches/modules-2/files-2.1/org.springframework/spring-test/4.3.13.RELEASE/f4ff71b0d628d37f334d4f1f197c1b8cea364d01/spring-test-4.3.13.RELEASE.jar:/home/jungho/.gradle/caches/modules-2/files-2.1/org.springframework/spring-webmvc/4.3.13.RELEASE/87a095c7a1d13fe433ae6712787238c1dbaa6919/spring-webmvc-4.3.13.RELEASE.jar:/home/jungho/.gradle/caches/modules-2/files-2.1/org.springframework/spring-web/4.3.13.RELEASE/7cd084992d546165ede3e99bc31ee49c937f0ce7/spring-web-4.3.13.RELEASE.jar:/home/jungho/.gradle/caches/modules-2/files-2.1/org.springframework/spring-context/4.3.13.RELEASE/6ab1c189a13182fa3256f6bbc68fafdaf8f5a19e/spring-context-4.3.13.RELEASE.jar:/home/jungho/.gradle/caches/modules-2/files-2.1/org.springframework/spring-aop/4.3.13.RELEASE/61f427b55951f59b50f3c2bd0de3c48960e2a342/spring-aop-4.3.13.RELEASE.jar:/home/jungho/.gradle/caches/modules-2/files-2.1/org.springframework/spring-tx/4.3.13.RELEASE/6ebf7b3f2099fa884038d9d7bd44817ebd9c5b4a/spring-tx-4.3.13.RELEASE.jar:/home/jungho/.gradle/caches/modules-2/files-2.1/org.springframework/spring-beans/4.3.13.RELEASE/8613a7077722f1d97f8cb3fea4b0b40bfadf4496/spring-beans-4.3.13.RELEASE.jar:/home/jungho/.gradle/caches/modules-2/files-2.1/org.springframework/spring-expression/4.3.13.RELEASE/da22bf7df1262e429b49653be6cd5b89b6affe5e/spring-expression-4.3.13.RELEASE.jar:/home/jungho/.gradle/caches/modules-2/files-2.1/org.springframework/spring-core/4.3.13.RELEASE/eea18d7f4d01f1baa1b6728b678b5a6fe23c61f6/spring-core-4.3.13.RELEASE.jar:/home/jungho/.gradle/caches/modules-2/files-2.1/org.yaml/snakeyaml/1.17/7a27ea250c5130b2922b86dea63cbb1cc10a660c/snakeyaml-1.17.jar:/home/jungho/.gradle/caches/modules-2/files-2.1/org.mongodb/mongodb-driver-core/3.4.3/c588da4e7b4ac9330e58d4d5b414508ccb14367b/mongodb-driver-core-3.4.3.jar:/home/jungho/.gradle/caches/modules-2/files-2.1/org.mongodb/bson/3.4.3/83a9328ce8ffbdf29f4b46b531012427983ad3ec/bson-3.4.3.jar:/home/jungho/.gradle/caches/modules-2/files-2.1/org.springframework.boot/spring-boot-starter-tomcat/1.5.9.RELEASE/4615056f8a2bcad03ba8cdf410419ee3d101c5bb/spring-boot-starter-tomcat-1.5.9.RELEASE.jar:/home/jungho/.gradle/caches/modules-2/files-2.1/net.minidev/json-smart/2.2.1/5b9e5df7a62d1279b70dc882b041d249c4f0b002/json-smart-2.2.1.jar:/home/jungho/.gradle/caches/modules-2/files-2.1/org.objenesis/objenesis/2.1/87c0ea803b69252868d09308b4618f766f135a96/objenesis-2.1.jar:/home/jungho/.gradle/caches/modules-2/files-2.1/com.vaadin.external.google/android-json/0.0.20131108.vaadin1/fa26d351fe62a6a17f5cda1287c1c6110dec413f/android-json-0.0.20131108.vaadin1.jar:/home/jungho/.gradle/caches/modules-2/files-2.1/org.apache.tomcat.embed/tomcat-embed-websocket/8.5.23/52f07abcae10dc7e1764304b0877def175c2c833/tomcat-embed-websocket-8.5.23.jar:/home/jungho/.gradle/caches/modules-2/files-2.1/org.apache.tomcat.embed/tomcat-embed-core/8.5.23/79261793a47f507890ee08f749b9d81774e4f7f0/tomcat-embed-core-8.5.23.jar:/home/jungho/.gradle/caches/modules-2/files-2.1/org.apache.tomcat.embed/tomcat-embed-el/8.5.23/98d979cde444dffa6d434c8377d0123b2dfa614c/tomcat-embed-el-8.5.23.jar:/home/jungho/.gradle/caches/modules-2/files-2.1/javax.validation/validation-api/1.1.0.Final/8613ae82954779d518631e05daa73a6a954817d5/validation-api-1.1.0.Final.jar:/home/jungho/.gradle/caches/modules-2/files-2.1/org.jboss.logging/jboss-logging/3.3.1.Final/c46217ab74b532568c0ed31dc599db3048bd1b67/jboss-logging-3.3.1.Final.jar:/home/jungho/.gradle/caches/modules-2/files-2.1/org.atteo/evo-inflector/1.2.2/2551aad98d65ac5464d81fe05f0e1516cfe471c9/evo-inflector-1.2.2.jar:/home/jungho/.gradle/caches/modules-2/files-2.1/net.bytebuddy/byte-buddy/1.6.14/871c3e49dc6183d0d361601c2f1d11abb1a6b48c/byte-buddy-1.6.14.jar:/home/jungho/.gradle/caches/modules-2/files-2.1/org.javassist/javassist/3.21.0-GA/598244f595db5c5fb713731eddbb1c91a58d959b/javassist-3.21.0-GA.jar:/home/jungho/.gradle/caches/modules-2/files-2.1/net.minidev/accessors-smart/1.1/a527213f2fea112a04c9bdf0ec0264e34104cd08/accessors-smart-1.1.jar:/home/jungho/.gradle/caches/modules-2/files-2.1/ch.qos.logback/logback-core/1.1.11/88b8df40340eed549fb07e2613879bf6b006704d/logback-core-1.1.11.jar:/home/jungho/.gradle/caches/modules-2/files-2.1/org.apache.tomcat/tomcat-annotations-api/8.5.23/aaf17df9fe0240e9e9d5375d24d5f177174b73d9/tomcat-annotations-api-8.5.23.jar:/home/jungho/.gradle/caches/modules-2/files-2.1/org.ow2.asm/asm/5.0.3/dcc2193db20e19e1feca8b1240dbbc4e190824fa/asm-5.0.3.jar, user.name=jungho, java.vm.specification.version=1.8, sun.java.command=worker.org.gradle.process.internal.worker.GradleWorkerMain 'Gradle Test Executor 1', java.home=/usr/lib/jvm/java-8-openjdk-amd64/jre, sun.arch.data.model=64, user.language=en, java.specification.vendor=Oracle Corporation, awt.toolkit=sun.awt.X11.XToolkit, java.vm.info=mixed mode, java.version=1.8.0_151, java.ext.dirs=/usr/lib/jvm/java-8-openjdk-amd64/jre/lib/ext:/usr/java/packages/lib/ext, sun.boot.class.path=/usr/lib/jvm/java-8-openjdk-amd64/jre/lib/resources.jar:/usr/lib/jvm/java-8-openjdk-amd64/jre/lib/rt.jar:/usr/lib/jvm/java-8-openjdk-amd64/jre/lib/sunrsasign.jar:/usr/lib/jvm/java-8-openjdk-amd64/jre/lib/jsse.jar:/usr/lib/jvm/java-8-openjdk-amd64/jre/lib/jce.jar:/usr/lib/jvm/java-8-openjdk-amd64/jre/lib/charsets.jar:/usr/lib/jvm/java-8-openjdk-amd64/jre/lib/jfr.jar:/usr/lib/jvm/java-8-openjdk-amd64/jre/classes, java.vendor=Oracle Corporation, org.gradle.test.worker=1, file.separator=/, java.vendor.url.bug=http://bugreport.sun.com/bugreport/, sun.io.unicode.encoding=UnicodeLittle, sun.cpu.endian=little, sun.desktop=gnome, sun.cpu.isalist=}}, SystemEnvironmentPropertySource@1365377027 {name='systemEnvironment', properties={PATH=/home/jungho/.nvm/versions/node/v8.9.1/bin:/home/jungho/.sdkman/candidates/springboot/current/bin:/home/jungho/.sdkman/candidates/kotlin/current/bin:/home/jungho/.sdkman/candidates/groovy/current/bin:/home/jungho/.sdkman/candidates/gradle/current/bin:/home/jungho/bin:/home/jungho/.local/bin:/usr/local/sbin:/usr/local/bin:/usr/sbin:/usr/bin:/sbin:/bin:/usr/games:/usr/local/games:/snap/bin:/home/jungho/bin:/home/jungho/bin/Postman:/home/jungho/go/bin:/home/jungho/bin/sublime_text_3:/usr/local/go/bin:/home/jungho/projects/istio-0.2.12/bin, XAUTHORITY=/home/jungho/.Xauthority, SDKMAN_VERSION=5.5.10+240, XMODIFIERS=@im=ibus, XDG_DATA_DIRS=/usr/share/ubuntu:/usr/share/gnome:/usr/local/share:/usr/share:/var/lib/snapd/desktop:/var/lib/snapd/desktop, GDMSESSION=ubuntu, MANDATORY_PATH=/usr/share/gconf/ubuntu.mandatory.path, GTK_IM_MODULE=ibus, DBUS_SESSION_BUS_ADDRESS=unix:abstract=/tmp/dbus-wrpG4g1OoT, DEFAULTS_PATH=/usr/share/gconf/ubuntu.default.path, XDG_CURRENT_DESKTOP=Unity, UPSTART_SESSION=unix:abstract=/com/ubuntu/upstart-session/1000/1420, QT4_IM_MODULE=xim, SDKMAN_DIR=/home/jungho/.sdkman, QT_LINUX_ACCESSIBILITY_ALWAYS_ON=1, LOGNAME=jungho, JOB=unity-settings-daemon, PWD=/home/jungho/projects/k8s-fundamentals/todo-app/todo-api-java, IM_CONFIG_PHASE=1, SPRINGBOOT_HOME=/home/jungho/.sdkman/candidates/springboot/current, LANGUAGE=en_CA:en, WINDOWID=56623110, NVM_CD_FLAGS=-q, SHELL=/bin/zsh, INSTANCE=, GTK2_MODULES=overlay-scrollbar, OLDPWD=/home/jungho/.sdkman/candidates/gradle/current, VISUAL=vim, UPSTART_INSTANCE=, GNOME_DESKTOP_SESSION_ID=this-is-deprecated, GTK_MODULES=gail:atk-bridge:unity-gtk-module, CLUTTER_IM_MODULE=xim, XDG_SESSION_PATH=/org/freedesktop/DisplayManager/Session0, NVM_IOJS_ORG_MIRROR=https://iojs.org/dist, COMPIZ_BIN_PATH=/usr/bin/, SESSIONTYPE=gnome-session, XDG_SESSION_DESKTOP=ubuntu, LS_COLORS=rs=0:di=01;34:ln=01;36:mh=00:pi=40;33:so=01;35:do=01;35:bd=40;33;01:cd=40;33;01:or=40;31;01:mi=00:su=37;41:sg=30;43:ca=30;41:tw=30;42:ow=34;42:st=37;44:ex=01;32:*.tar=01;31:*.tgz=01;31:*.arc=01;31:*.arj=01;31:*.taz=01;31:*.lha=01;31:*.lz4=01;31:*.lzh=01;31:*.lzma=01;31:*.tlz=01;31:*.txz=01;31:*.tzo=01;31:*.t7z=01;31:*.zip=01;31:*.z=01;31:*.Z=01;31:*.dz=01;31:*.gz=01;31:*.lrz=01;31:*.lz=01;31:*.lzo=01;31:*.xz=01;31:*.bz2=01;31:*.bz=01;31:*.tbz=01;31:*.tbz2=01;31:*.tz=01;31:*.deb=01;31:*.rpm=01;31:*.jar=01;31:*.war=01;31:*.ear=01;31:*.sar=01;31:*.rar=01;31:*.alz=01;31:*.ace=01;31:*.zoo=01;31:*.cpio=01;31:*.7z=01;31:*.rz=01;31:*.cab=01;31:*.jpg=01;35:*.jpeg=01;35:*.gif=01;35:*.bmp=01;35:*.pbm=01;35:*.pgm=01;35:*.ppm=01;35:*.tga=01;35:*.xbm=01;35:*.xpm=01;35:*.tif=01;35:*.tiff=01;35:*.png=01;35:*.svg=01;35:*.svgz=01;35:*.mng=01;35:*.pcx=01;35:*.mov=01;35:*.mpg=01;35:*.mpeg=01;35:*.m2v=01;35:*.mkv=01;35:*.webm=01;35:*.ogm=01;35:*.mp4=01;35:*.m4v=01;35:*.mp4v=01;35:*.vob=01;35:*.qt=01;35:*.nuv=01;35:*.wmv=01;35:*.asf=01;35:*.rm=01;35:*.rmvb=01;35:*.flc=01;35:*.avi=01;35:*.fli=01;35:*.flv=01;35:*.gl=01;35:*.dl=01;35:*.xcf=01;35:*.xwd=01;35:*.yuv=01;35:*.cgm=01;35:*.emf=01;35:*.ogv=01;35:*.ogx=01;35:*.aac=00;36:*.au=00;36:*.flac=00;36:*.m4a=00;36:*.mid=00;36:*.midi=00;36:*.mka=00;36:*.mp3=00;36:*.mpc=00;36:*.ogg=00;36:*.ra=00;36:*.wav=00;36:*.oga=00;36:*.opus=00;36:*.spx=00;36:*.xspf=00;36:, SDKMAN_CURRENT_API=https://api.sdkman.io/2, SHLVL=2, TMUX_PANE=%6, MANPATH=/home/jungho/.nvm/versions/node/v8.9.1/share/man:/usr/local/man:/usr/local/share/man:/usr/share/man, COMPIZ_CONFIG_PROFILE=ubuntu, QT_IM_MODULE=ibus, UPSTART_JOB=unity7, MONGODB_URL=localhost:27017, JAVA_HOME=/usr/lib/jvm/java-8-openjdk-amd64, KOTLIN_HOME=/home/jungho/.sdkman/candidates/kotlin/current, TERM=screen-256color, XDG_CONFIG_DIRS=/etc/xdg/xdg-ubuntu:/usr/share/upstart/xdg:/etc/xdg, GNOME_KEYRING_CONTROL=, LANG=en_CA.UTF-8, XDG_SEAT_PATH=/org/freedesktop/DisplayManager/Seat0, XDG_SESSION_ID=c2, XDG_SESSION_TYPE=x11, GRADLE_HOME=/home/jungho/.sdkman/candidates/gradle/current, GROOVY_HOME=/home/jungho/.sdkman/candidates/groovy/current, DISPLAY=:0, NVM_NODEJS_ORG_MIRROR=https://nodejs.org/dist, SDKMAN_CANDIDATES_DIR=/home/jungho/.sdkman/candidates, _=/home/jungho/.sdkman/candidates/gradle/current/bin/gradle, SDKMAN_LEGACY_API=https://api.sdkman.io/1, GDM_LANG=en_CA, NVM_DIR=/home/jungho/.nvm, LSCOLORS=Gxfxcxdxbxegedabagacad, XDG_GREETER_DATA_DIR=/var/lib/lightdm-data/jungho, UPSTART_EVENTS=xsession started, GPG_AGENT_INFO=/home/jungho/.gnupg/S.gpg-agent:0:1, DESKTOP_SESSION=ubuntu, SESSION=ubuntu, SDKMAN_PLATFORM=Linux64, USER=jungho, XDG_MENU_PREFIX=gnome-, VTE_VERSION=4205, QT_ACCESSIBILITY=1, SSH_AUTH_SOCK=/run/user/1000/keyring/ssh, XDG_SEAT=seat0, EVENT_NOEPOLL=1, QT_QPA_PLATFORMTHEME=appmenu-qt5, TMUX=/tmp/tmux-1000/default,5365,6, XDG_VTNR=7, XDG_RUNTIME_DIR=/run/user/1000, NVM_BIN=/home/jungho/.nvm/versions/node/v8.9.1/bin, HOME=/home/jungho, GNOME_KEYRING_PID=}}]
18:02:04.586 [Test worker] DEBUG org.springframework.core.io.support.PathMatchingResourcePatternResolver - Resolved classpath location [ca/architech/todo/] to resources [URL [file:/home/jungho/projects/k8s-fundamentals/todo-app/todo-api-java/build/classes/java/test/ca/architech/todo/], URL [file:/home/jungho/projects/k8s-fundamentals/todo-app/todo-api-java/build/classes/java/main/ca/architech/todo/]]
18:02:04.587 [Test worker] DEBUG org.springframework.core.io.support.PathMatchingResourcePatternResolver - Looking for matching resources in directory tree [/home/jungho/projects/k8s-fundamentals/todo-app/todo-api-java/build/classes/java/test/ca/architech/todo]
18:02:04.587 [Test worker] DEBUG org.springframework.core.io.support.PathMatchingResourcePatternResolver - Searching directory [/home/jungho/projects/k8s-fundamentals/todo-app/todo-api-java/build/classes/java/test/ca/architech/todo] for files matching pattern [/home/jungho/projects/k8s-fundamentals/todo-app/todo-api-java/build/classes/java/test/ca/architech/todo/*.class]
18:02:04.589 [Test worker] DEBUG org.springframework.core.io.support.PathMatchingResourcePatternResolver - Looking for matching resources in directory tree [/home/jungho/projects/k8s-fundamentals/todo-app/todo-api-java/build/classes/java/main/ca/architech/todo]
18:02:04.589 [Test worker] DEBUG org.springframework.core.io.support.PathMatchingResourcePatternResolver - Searching directory [/home/jungho/projects/k8s-fundamentals/todo-app/todo-api-java/build/classes/java/main/ca/architech/todo] for files matching pattern [/home/jungho/projects/k8s-fundamentals/todo-app/todo-api-java/build/classes/java/main/ca/architech/todo/*.class]
18:02:04.590 [Test worker] DEBUG org.springframework.core.io.support.PathMatchingResourcePatternResolver - Resolved location pattern [classpath*:ca/architech/todo/*.class] to resources [file [/home/jungho/projects/k8s-fundamentals/todo-app/todo-api-java/build/classes/java/test/ca/architech/todo/TodoApiApplicationTests.class], file [/home/jungho/projects/k8s-fundamentals/todo-app/todo-api-java/build/classes/java/main/ca/architech/todo/TodoApiApplication.class], file [/home/jungho/projects/k8s-fundamentals/todo-app/todo-api-java/build/classes/java/main/ca/architech/todo/TodoItemRepository.class]]
18:02:04.631 [Test worker] DEBUG org.springframework.context.annotation.ClassPathScanningCandidateComponentProvider - Identified candidate component class: file [/home/jungho/projects/k8s-fundamentals/todo-app/todo-api-java/build/classes/java/main/ca/architech/todo/TodoApiApplication.class]
18:02:04.634 [Test worker] INFO org.springframework.boot.test.context.SpringBootTestContextBootstrapper - Found @SpringBootConfiguration ca.architech.todo.TodoApiApplication for test class ca.architech.todo.TodoApiApplicationTests
18:02:04.638 [Test worker] DEBUG org.springframework.boot.test.context.SpringBootTestContextBootstrapper - @TestExecutionListeners is not present for class [ca.architech.todo.TodoApiApplicationTests]: using defaults.
18:02:04.641 [Test worker] INFO org.springframework.boot.test.context.SpringBootTestContextBootstrapper - Loaded default TestExecutionListener class names from location [META-INF/spring.factories]: [org.springframework.boot.test.autoconfigure.restdocs.RestDocsTestExecutionListener, org.springframework.boot.test.autoconfigure.web.client.MockRestServiceServerResetTestExecutionListener, org.springframework.boot.test.autoconfigure.web.servlet.MockMvcPrintOnlyOnFailureTestExecutionListener, org.springframework.boot.test.autoconfigure.web.servlet.WebDriverTestExecutionListener, org.springframework.boot.test.mock.mockito.MockitoTestExecutionListener, org.springframework.boot.test.mock.mockito.ResetMocksTestExecutionListener, org.springframework.test.context.web.ServletTestExecutionListener, org.springframework.test.context.support.DirtiesContextBeforeModesTestExecutionListener, org.springframework.test.context.support.DependencyInjectionTestExecutionListener, org.springframework.test.context.support.DirtiesContextTestExecutionListener, org.springframework.test.context.transaction.TransactionalTestExecutionListener, org.springframework.test.context.jdbc.SqlScriptsTestExecutionListener]
18:02:04.659 [Test worker] INFO org.springframework.boot.test.context.SpringBootTestContextBootstrapper - Using TestExecutionListeners: [org.springframework.test.context.web.ServletTestExecutionListener@1fe8e197, org.springframework.test.context.support.DirtiesContextBeforeModesTestExecutionListener@651aa912, org.springframework.boot.test.autoconfigure.SpringBootDependencyInjectionTestExecutionListener@4eecf5be, org.springframework.test.context.support.DirtiesContextTestExecutionListener@7106adb7, org.springframework.test.context.transaction.TransactionalTestExecutionListener@29ba0e59, org.springframework.test.context.jdbc.SqlScriptsTestExecutionListener@19d87045, org.springframework.boot.test.autoconfigure.restdocs.RestDocsTestExecutionListener@303027c5, org.springframework.boot.test.autoconfigure.web.client.MockRestServiceServerResetTestExecutionListener@749f5f61, org.springframework.boot.test.autoconfigure.web.servlet.MockMvcPrintOnlyOnFailureTestExecutionListener@d2e4f6d, org.springframework.boot.test.mock.mockito.ResetMocksTestExecutionListener@572e5cd5, org.springframework.boot.test.autoconfigure.web.servlet.WebDriverTestExecutionListener@669147fa, org.springframework.boot.test.mock.mockito.MockitoTestExecutionListener@68fb781e]
18:02:04.661 [Test worker] DEBUG org.springframework.test.annotation.ProfileValueUtils - Retrieved @ProfileValueSourceConfiguration [null] for test class [ca.architech.todo.TodoApiApplicationTests]
18:02:04.661 [Test worker] DEBUG org.springframework.test.annotation.ProfileValueUtils - Retrieved ProfileValueSource type [class org.springframework.test.annotation.SystemProfileValueSource] for class [ca.architech.todo.TodoApiApplicationTests]
18:02:04.662 [Test worker] DEBUG org.springframework.test.annotation.ProfileValueUtils - Retrieved @ProfileValueSourceConfiguration [null] for test class [ca.architech.todo.TodoApiApplicationTests]
18:02:04.662 [Test worker] DEBUG org.springframework.test.annotation.ProfileValueUtils - Retrieved ProfileValueSource type [class org.springframework.test.annotation.SystemProfileValueSource] for class [ca.architech.todo.TodoApiApplicationTests]
18:02:04.666 [Test worker] DEBUG org.springframework.test.context.support.AbstractDirtiesContextTestExecutionListener - Before test class: context [DefaultTestContext@3d429f5e testClass = TodoApiApplicationTests, testInstance = [null], testMethod = [null], testException = [null], mergedContextConfiguration = [WebMergedContextConfiguration@4e82d27e testClass = TodoApiApplicationTests, locations = '{}', classes = '{class ca.architech.todo.TodoApiApplication}', contextInitializerClasses = '[]', activeProfiles = '{}', propertySourceLocations = '{}', propertySourceProperties = '{org.springframework.boot.test.context.SpringBootTestContextBootstrapper=true}', contextCustomizers = set[org.springframework.boot.test.autoconfigure.properties.PropertyMappingContextCustomizer@0, org.springframework.boot.test.autoconfigure.web.servlet.WebDriverContextCustomizerFactory$Customizer@32a36966, org.springframework.boot.test.context.SpringBootTestContextCustomizer@39c0d2d8, org.springframework.boot.test.context.filter.ExcludeFilterContextCustomizer@436cdd2b, org.springframework.boot.test.json.DuplicateJsonObjectContextCustomizerFactory$DuplicateJsonObjectContextCustomizer@2e438469, org.springframework.boot.test.mock.mockito.MockitoContextCustomizer@0], resourceBasePath = 'src/main/webapp', contextLoader = 'org.springframework.boot.test.context.SpringBootContextLoader', parent = [null]]], class annotated with @DirtiesContext [false] with mode [null].
18:02:04.666 [Test worker] DEBUG org.springframework.test.annotation.ProfileValueUtils - Retrieved @ProfileValueSourceConfiguration [null] for test class [ca.architech.todo.TodoApiApplicationTests]
18:02:04.666 [Test worker] DEBUG org.springframework.test.annotation.ProfileValueUtils - Retrieved ProfileValueSource type [class org.springframework.test.annotation.SystemProfileValueSource] for class [ca.architech.todo.TodoApiApplicationTests]
18:02:04.729 [Test worker] DEBUG org.springframework.core.env.StandardEnvironment - Adding PropertySource 'systemProperties' with lowest search precedence
18:02:04.730 [Test worker] DEBUG org.springframework.core.env.StandardEnvironment - Adding PropertySource 'systemEnvironment' with lowest search precedence
18:02:04.730 [Test worker] DEBUG org.springframework.core.env.StandardEnvironment - Initialized StandardEnvironment with PropertySources [MapPropertySource@1469081739 {name='systemProperties', properties={java.runtime.name=OpenJDK Runtime Environment, sun.boot.library.path=/usr/lib/jvm/java-8-openjdk-amd64/jre/lib/amd64, java.vm.version=25.151-b12, java.vm.vendor=Oracle Corporation, java.vendor.url=http://java.oracle.com/, path.separator=:, java.vm.name=OpenJDK 64-Bit Server VM, file.encoding.pkg=sun.io, sun.java.launcher=SUN_STANDARD, user.country=CA, sun.os.patch.level=unknown, java.vm.specification.name=Java Virtual Machine Specification, user.dir=/home/jungho/projects/k8s-fundamentals/todo-app/todo-api-java, java.runtime.version=1.8.0_151-8u151-b12-0ubuntu0.16.04.2-b12, java.awt.graphicsenv=sun.awt.X11GraphicsEnvironment, java.endorsed.dirs=/usr/lib/jvm/java-8-openjdk-amd64/jre/lib/endorsed, os.arch=amd64, java.io.tmpdir=/tmp, line.separator=
, java.vm.specification.vendor=Oracle Corporation, user.variant=, os.name=Linux, sun.jnu.encoding=UTF-8, java.library.path=/usr/java/packages/lib/amd64:/usr/lib/x86_64-linux-gnu/jni:/lib/x86_64-linux-gnu:/usr/lib/x86_64-linux-gnu:/usr/lib/jni:/lib:/usr/lib, java.specification.name=Java Platform API Specification, java.class.version=52.0, org.gradle.native=false, sun.management.compiler=HotSpot 64-Bit Tiered Compilers, os.version=4.4.0-101-generic, user.home=/home/jungho, user.timezone=America/Toronto, java.awt.printerjob=sun.print.PSPrinterJob, file.encoding=UTF-8, java.specification.version=1.8, java.class.path=/home/jungho/projects/k8s-fundamentals/todo-app/todo-api-java/build/classes/java/test:/home/jungho/projects/k8s-fundamentals/todo-app/todo-api-java/build/resources/test:/home/jungho/projects/k8s-fundamentals/todo-app/todo-api-java/build/classes/java/main:/home/jungho/projects/k8s-fundamentals/todo-app/todo-api-java/build/resources/main:/home/jungho/.gradle/caches/modules-2/files-2.1/org.springframework.boot/spring-boot-starter-data-mongodb/1.5.9.RELEASE/32db6cd936a07661461bbd8c7edc49ce64f09f95/spring-boot-starter-data-mongodb-1.5.9.RELEASE.jar:/home/jungho/.gradle/caches/modules-2/files-2.1/org.springframework.boot/spring-boot-starter-data-rest/1.5.9.RELEASE/1ebd3bb10019799849d51c49c7d8d3249d43e618/spring-boot-starter-data-rest-1.5.9.RELEASE.jar:/home/jungho/.gradle/caches/modules-2/files-2.1/com.fasterxml.jackson.datatype/jackson-datatype-jsr310/2.9.0/65fd41b086a7451903c9ee216c7699030c449d9c/jackson-datatype-jsr310-2.9.0.jar:/home/jungho/.gradle/caches/modules-2/files-2.1/io.springfox/springfox-swagger2/2.7.0/dd28b7ce26af1209d6ef19f5f24a8c23b41ca6fc/springfox-swagger2-2.7.0.jar:/home/jungho/.gradle/caches/modules-2/files-2.1/io.springfox/springfox-swagger-ui/2.7.0/92608eb6c2056810b4e3189196b4e8cce645d6de/springfox-swagger-ui-2.7.0.jar:/home/jungho/.gradle/caches/modules-2/files-2.1/org.apache.logging.log4j/log4j-core/2.7/a3f2b4e64c61a7fc1ed8f1e5ba371933404ed98a/log4j-core-2.7.jar:/home/jungho/.gradle/caches/modules-2/files-2.1/org.apache.logging.log4j/log4j-api/2.7/8de00e382a817981b737be84cb8def687d392963/log4j-api-2.7.jar:/home/jungho/.gradle/caches/modules-2/files-2.1/org.springframework.boot/spring-boot-devtools/1.5.9.RELEASE/8908280f33c65ffa21789020e7a37d46a798d445/spring-boot-devtools-1.5.9.RELEASE.jar:/home/jungho/.gradle/caches/modules-2/files-2.1/org.springframework.boot/spring-boot-starter-test/1.5.9.RELEASE/b5adf6fbf53be00b7ae52f657d564122edbe5156/spring-boot-starter-test-1.5.9.RELEASE.jar:/home/jungho/.gradle/caches/modules-2/files-2.1/org.springframework.boot/spring-boot-starter-web/1.5.9.RELEASE/bda9733d5e6ba6d1a97deead1738713dc0631b3e/spring-boot-starter-web-1.5.9.RELEASE.jar:/home/jungho/.gradle/caches/modules-2/files-2.1/org.springframework.boot/spring-boot-starter/1.5.9.RELEASE/6bfb34db2715ee86c6e2337fa145650588b4b1b3/spring-boot-starter-1.5.9.RELEASE.jar:/home/jungho/.gradle/caches/modules-2/files-2.1/org.mongodb/mongodb-driver/3.4.3/a1c708919fdca8da4a527cb4ea9df30f8db9993b/mongodb-driver-3.4.3.jar:/home/jungho/.gradle/caches/modules-2/files-2.1/org.springframework.data/spring-data-mongodb/1.10.9.RELEASE/3af5e9fe7da19a3168359ce25126e63142e9120c/spring-data-mongodb-1.10.9.RELEASE.jar:/home/jungho/.gradle/caches/modules-2/files-2.1/org.springframework.data/spring-data-rest-webmvc/2.6.9.RELEASE/9fe9679f0973c92ee61af30acf844260505d496d/spring-data-rest-webmvc-2.6.9.RELEASE.jar:/home/jungho/.gradle/caches/modules-2/files-2.1/com.fasterxml.jackson.core/jackson-databind/2.8.10/f7b83cb2bc4b88d53961e749e1ad32f49ef017b7/jackson-databind-2.8.10.jar:/home/jungho/.gradle/caches/modules-2/files-2.1/io.springfox/springfox-swagger-common/2.7.0/5a632aecc733753887f90592382fa271e546062a/springfox-swagger-common-2.7.0.jar:/home/jungho/.gradle/caches/modules-2/files-2.1/io.swagger/swagger-models/1.5.13/571a0046f35f9dac569a1870465248595e33ccdb/swagger-models-1.5.13.jar:/home/jungho/.gradle/caches/modules-2/files-2.1/org.springframework.data/spring-data-rest-core/2.6.9.RELEASE/7a0350863ea9b32bd57d9520d4996ff11ea643b8/spring-data-rest-core-2.6.9.RELEASE.jar:/home/jungho/.gradle/caches/modules-2/files-2.1/com.fasterxml.jackson.core/jackson-annotations/2.8.0/45b426f7796b741035581a176744d91090e2e6fb/jackson-annotations-2.8.0.jar:/home/jungho/.gradle/caches/modules-2/files-2.1/com.fasterxml.jackson.core/jackson-core/2.8.10/eb21a035c66ad307e66ec8fce37f5d50fd62d039/jackson-core-2.8.10.jar:/home/jungho/.gradle/caches/modules-2/files-2.1/io.swagger/swagger-annotations/1.5.13/72433c890a61a876d22063e269be421c810a1a8d/swagger-annotations-1.5.13.jar:/home/jungho/.gradle/caches/modules-2/files-2.1/io.springfox/springfox-schema/2.7.0/aab297a6781e829b9d6bac514a4dc860966c3c8d/springfox-schema-2.7.0.jar:/home/jungho/.gradle/caches/modules-2/files-2.1/io.springfox/springfox-spring-web/2.7.0/a54be5572b6b5210f6892e13d6b136dde5e96bf6/springfox-spring-web-2.7.0.jar:/home/jungho/.gradle/caches/modules-2/files-2.1/io.springfox/springfox-spi/2.7.0/dab14edcb863dd506278dc950908b4f684e93b7/springfox-spi-2.7.0.jar:/home/jungho/.gradle/caches/modules-2/files-2.1/io.springfox/springfox-core/2.7.0/f3e6d1cf5170b4b56ee0a00c1b3b05221f2ecb96/springfox-core-2.7.0.jar:/home/jungho/.gradle/caches/modules-2/files-2.1/org.reflections/reflections/0.9.11/4c686033d918ec1727e329b7222fcb020152e32b/reflections-0.9.11.jar:/home/jungho/.gradle/caches/modules-2/files-2.1/com.google.guava/guava/20.0/89507701249388e1ed5ddcf8c41f4ce1be7831ef/guava-20.0.jar:/home/jungho/.gradle/caches/modules-2/files-2.1/org.hibernate/hibernate-validator/5.3.6.Final/4c730be8bf55a8e9a61e79a2f2c079abf48b718/hibernate-validator-5.3.6.Final.jar:/home/jungho/.gradle/caches/modules-2/files-2.1/com.fasterxml/classmate/1.3.4/3d5f48f10bbe4eb7bd862f10c0583be2e0053c6/classmate-1.3.4.jar:/home/jungho/.gradle/caches/modules-2/files-2.1/org.springframework.plugin/spring-plugin-metadata/1.2.0.RELEASE/97223fc496b6cab31602eedbd4202aa4fff0d44f/spring-plugin-metadata-1.2.0.RELEASE.jar:/home/jungho/.gradle/caches/modules-2/files-2.1/org.springframework.plugin/spring-plugin-core/1.2.0.RELEASE/f380e7760032e7d929184f8ad8a33716b75c0657/spring-plugin-core-1.2.0.RELEASE.jar:/home/jungho/.gradle/caches/modules-2/files-2.1/com.jayway.jsonpath/json-path/2.2.0/22290d17944bd239fabf5ac69005a60a7ecbbbcb/json-path-2.2.0.jar:/home/jungho/.gradle/caches/modules-2/files-2.1/org.springframework.boot/spring-boot-starter-logging/1.5.9.RELEASE/30fd62a1ce9639759d90d49608501082314c1628/spring-boot-starter-logging-1.5.9.RELEASE.jar:/home/jungho/.gradle/caches/modules-2/files-2.1/org.springframework.data/spring-data-commons/1.13.9.RELEASE/3910a598235d2e9c1ca56f34c5e62bb5ce23778/spring-data-commons-1.13.9.RELEASE.jar:/home/jungho/.gradle/caches/modules-2/files-2.1/org.slf4j/jcl-over-slf4j/1.7.25/f8c32b13ff142a513eeb5b6330b1588dcb2c0461/jcl-over-slf4j-1.7.25.jar:/home/jungho/.gradle/caches/modules-2/files-2.1/ch.qos.logback/logback-classic/1.1.11/ccedfbacef4a6515d2983e3f89ed753d5d4fb665/logback-classic-1.1.11.jar:/home/jungho/.gradle/caches/modules-2/files-2.1/org.slf4j/jul-to-slf4j/1.7.25/af5364cd6679bfffb114f0dec8a157aaa283b76/jul-to-slf4j-1.7.25.jar:/home/jungho/.gradle/caches/modules-2/files-2.1/org.slf4j/log4j-over-slf4j/1.7.25/a87bb47468f47ee7aabbd54f93e133d4215769c3/log4j-over-slf4j-1.7.25.jar:/home/jungho/.gradle/caches/modules-2/files-2.1/org.springframework.hateoas/spring-hateoas/0.23.0.RELEASE/678ffa0798f417a794fea592dc8066e325611919/spring-hateoas-0.23.0.RELEASE.jar:/home/jungho/.gradle/caches/modules-2/files-2.1/org.slf4j/slf4j-api/1.7.25/da76ca59f6a57ee3102f8f9bd9cee742973efa8a/slf4j-api-1.7.25.jar:/home/jungho/.gradle/caches/modules-2/files-2.1/org.mapstruct/mapstruct/1.1.0.Final/65b81fa5234e1fd8461b77bbccee7b9ebc0bbbb2/mapstruct-1.1.0.Final.jar:/home/jungho/.gradle/caches/modules-2/files-2.1/org.springframework.boot/spring-boot-test-autoconfigure/1.5.9.RELEASE/b428495e25b0531b2a977f51c5d29011c817b8ee/spring-boot-test-autoconfigure-1.5.9.RELEASE.jar:/home/jungho/.gradle/caches/modules-2/files-2.1/org.springframework.boot/spring-boot-autoconfigure/1.5.9.RELEASE/88dd18bdaf317ae40971573a051fd47265f2ed39/spring-boot-autoconfigure-1.5.9.RELEASE.jar:/home/jungho/.gradle/caches/modules-2/files-2.1/org.springframework.boot/spring-boot-test/1.5.9.RELEASE/7e604d56325f04a8b89a280e647746fc69e5a21f/spring-boot-test-1.5.9.RELEASE.jar:/home/jungho/.gradle/caches/modules-2/files-2.1/org.springframework.boot/spring-boot/1.5.9.RELEASE/f472cdf948288796fb31e0bb03f6e7b022b763a0/spring-boot-1.5.9.RELEASE.jar:/home/jungho/.gradle/caches/modules-2/files-2.1/junit/junit/4.12/2973d150c0dc1fefe998f834810d68f278ea58ec/junit-4.12.jar:/home/jungho/.gradle/caches/modules-2/files-2.1/org.assertj/assertj-core/2.6.0/b532c3fc4f66bcfee4989a3514f1cd56203a33ad/assertj-core-2.6.0.jar:/home/jungho/.gradle/caches/modules-2/files-2.1/org.mockito/mockito-core/1.10.19/e8546f5bef4e061d8dd73895b4e8f40e3fe6effe/mockito-core-1.10.19.jar:/home/jungho/.gradle/caches/modules-2/files-2.1/org.hamcrest/hamcrest-library/1.3/4785a3c21320980282f9f33d0d1264a69040538f/hamcrest-library-1.3.jar:/home/jungho/.gradle/caches/modules-2/files-2.1/org.hamcrest/hamcrest-core/1.3/42a25dc3219429f0e5d060061f71acb49bf010a0/hamcrest-core-1.3.jar:/home/jungho/.gradle/caches/modules-2/files-2.1/org.skyscreamer/jsonassert/1.4.0/9cdbb373a06f6513e51e8c545ee6a5e981463edb/jsonassert-1.4.0.jar:/home/jungho/.gradle/caches/modules-2/files-2.1/org.springframework/spring-test/4.3.13.RELEASE/f4ff71b0d628d37f334d4f1f197c1b8cea364d01/spring-test-4.3.13.RELEASE.jar:/home/jungho/.gradle/caches/modules-2/files-2.1/org.springframework/spring-webmvc/4.3.13.RELEASE/87a095c7a1d13fe433ae6712787238c1dbaa6919/spring-webmvc-4.3.13.RELEASE.jar:/home/jungho/.gradle/caches/modules-2/files-2.1/org.springframework/spring-web/4.3.13.RELEASE/7cd084992d546165ede3e99bc31ee49c937f0ce7/spring-web-4.3.13.RELEASE.jar:/home/jungho/.gradle/caches/modules-2/files-2.1/org.springframework/spring-context/4.3.13.RELEASE/6ab1c189a13182fa3256f6bbc68fafdaf8f5a19e/spring-context-4.3.13.RELEASE.jar:/home/jungho/.gradle/caches/modules-2/files-2.1/org.springframework/spring-aop/4.3.13.RELEASE/61f427b55951f59b50f3c2bd0de3c48960e2a342/spring-aop-4.3.13.RELEASE.jar:/home/jungho/.gradle/caches/modules-2/files-2.1/org.springframework/spring-tx/4.3.13.RELEASE/6ebf7b3f2099fa884038d9d7bd44817ebd9c5b4a/spring-tx-4.3.13.RELEASE.jar:/home/jungho/.gradle/caches/modules-2/files-2.1/org.springframework/spring-beans/4.3.13.RELEASE/8613a7077722f1d97f8cb3fea4b0b40bfadf4496/spring-beans-4.3.13.RELEASE.jar:/home/jungho/.gradle/caches/modules-2/files-2.1/org.springframework/spring-expression/4.3.13.RELEASE/da22bf7df1262e429b49653be6cd5b89b6affe5e/spring-expression-4.3.13.RELEASE.jar:/home/jungho/.gradle/caches/modules-2/files-2.1/org.springframework/spring-core/4.3.13.RELEASE/eea18d7f4d01f1baa1b6728b678b5a6fe23c61f6/spring-core-4.3.13.RELEASE.jar:/home/jungho/.gradle/caches/modules-2/files-2.1/org.yaml/snakeyaml/1.17/7a27ea250c5130b2922b86dea63cbb1cc10a660c/snakeyaml-1.17.jar:/home/jungho/.gradle/caches/modules-2/files-2.1/org.mongodb/mongodb-driver-core/3.4.3/c588da4e7b4ac9330e58d4d5b414508ccb14367b/mongodb-driver-core-3.4.3.jar:/home/jungho/.gradle/caches/modules-2/files-2.1/org.mongodb/bson/3.4.3/83a9328ce8ffbdf29f4b46b531012427983ad3ec/bson-3.4.3.jar:/home/jungho/.gradle/caches/modules-2/files-2.1/org.springframework.boot/spring-boot-starter-tomcat/1.5.9.RELEASE/4615056f8a2bcad03ba8cdf410419ee3d101c5bb/spring-boot-starter-tomcat-1.5.9.RELEASE.jar:/home/jungho/.gradle/caches/modules-2/files-2.1/net.minidev/json-smart/2.2.1/5b9e5df7a62d1279b70dc882b041d249c4f0b002/json-smart-2.2.1.jar:/home/jungho/.gradle/caches/modules-2/files-2.1/org.objenesis/objenesis/2.1/87c0ea803b69252868d09308b4618f766f135a96/objenesis-2.1.jar:/home/jungho/.gradle/caches/modules-2/files-2.1/com.vaadin.external.google/android-json/0.0.20131108.vaadin1/fa26d351fe62a6a17f5cda1287c1c6110dec413f/android-json-0.0.20131108.vaadin1.jar:/home/jungho/.gradle/caches/modules-2/files-2.1/org.apache.tomcat.embed/tomcat-embed-websocket/8.5.23/52f07abcae10dc7e1764304b0877def175c2c833/tomcat-embed-websocket-8.5.23.jar:/home/jungho/.gradle/caches/modules-2/files-2.1/org.apache.tomcat.embed/tomcat-embed-core/8.5.23/79261793a47f507890ee08f749b9d81774e4f7f0/tomcat-embed-core-8.5.23.jar:/home/jungho/.gradle/caches/modules-2/files-2.1/org.apache.tomcat.embed/tomcat-embed-el/8.5.23/98d979cde444dffa6d434c8377d0123b2dfa614c/tomcat-embed-el-8.5.23.jar:/home/jungho/.gradle/caches/modules-2/files-2.1/javax.validation/validation-api/1.1.0.Final/8613ae82954779d518631e05daa73a6a954817d5/validation-api-1.1.0.Final.jar:/home/jungho/.gradle/caches/modules-2/files-2.1/org.jboss.logging/jboss-logging/3.3.1.Final/c46217ab74b532568c0ed31dc599db3048bd1b67/jboss-logging-3.3.1.Final.jar:/home/jungho/.gradle/caches/modules-2/files-2.1/org.atteo/evo-inflector/1.2.2/2551aad98d65ac5464d81fe05f0e1516cfe471c9/evo-inflector-1.2.2.jar:/home/jungho/.gradle/caches/modules-2/files-2.1/net.bytebuddy/byte-buddy/1.6.14/871c3e49dc6183d0d361601c2f1d11abb1a6b48c/byte-buddy-1.6.14.jar:/home/jungho/.gradle/caches/modules-2/files-2.1/org.javassist/javassist/3.21.0-GA/598244f595db5c5fb713731eddbb1c91a58d959b/javassist-3.21.0-GA.jar:/home/jungho/.gradle/caches/modules-2/files-2.1/net.minidev/accessors-smart/1.1/a527213f2fea112a04c9bdf0ec0264e34104cd08/accessors-smart-1.1.jar:/home/jungho/.gradle/caches/modules-2/files-2.1/ch.qos.logback/logback-core/1.1.11/88b8df40340eed549fb07e2613879bf6b006704d/logback-core-1.1.11.jar:/home/jungho/.gradle/caches/modules-2/files-2.1/org.apache.tomcat/tomcat-annotations-api/8.5.23/aaf17df9fe0240e9e9d5375d24d5f177174b73d9/tomcat-annotations-api-8.5.23.jar:/home/jungho/.gradle/caches/modules-2/files-2.1/org.ow2.asm/asm/5.0.3/dcc2193db20e19e1feca8b1240dbbc4e190824fa/asm-5.0.3.jar, user.name=jungho, java.vm.specification.version=1.8, sun.java.command=worker.org.gradle.process.internal.worker.GradleWorkerMain 'Gradle Test Executor 1', java.home=/usr/lib/jvm/java-8-openjdk-amd64/jre, sun.arch.data.model=64, user.language=en, java.specification.vendor=Oracle Corporation, awt.toolkit=sun.awt.X11.XToolkit, java.vm.info=mixed mode, java.version=1.8.0_151, java.ext.dirs=/usr/lib/jvm/java-8-openjdk-amd64/jre/lib/ext:/usr/java/packages/lib/ext, sun.boot.class.path=/usr/lib/jvm/java-8-openjdk-amd64/jre/lib/resources.jar:/usr/lib/jvm/java-8-openjdk-amd64/jre/lib/rt.jar:/usr/lib/jvm/java-8-openjdk-amd64/jre/lib/sunrsasign.jar:/usr/lib/jvm/java-8-openjdk-amd64/jre/lib/jsse.jar:/usr/lib/jvm/java-8-openjdk-amd64/jre/lib/jce.jar:/usr/lib/jvm/java-8-openjdk-amd64/jre/lib/charsets.jar:/usr/lib/jvm/java-8-openjdk-amd64/jre/lib/jfr.jar:/usr/lib/jvm/java-8-openjdk-amd64/jre/classes, java.vendor=Oracle Corporation, org.gradle.test.worker=1, file.separator=/, java.vendor.url.bug=http://bugreport.sun.com/bugreport/, sun.io.unicode.encoding=UnicodeLittle, sun.cpu.endian=little, sun.desktop=gnome, sun.cpu.isalist=}}, SystemEnvironmentPropertySource@1261754655 {name='systemEnvironment', properties={PATH=/home/jungho/.nvm/versions/node/v8.9.1/bin:/home/jungho/.sdkman/candidates/springboot/current/bin:/home/jungho/.sdkman/candidates/kotlin/current/bin:/home/jungho/.sdkman/candidates/groovy/current/bin:/home/jungho/.sdkman/candidates/gradle/current/bin:/home/jungho/bin:/home/jungho/.local/bin:/usr/local/sbin:/usr/local/bin:/usr/sbin:/usr/bin:/sbin:/bin:/usr/games:/usr/local/games:/snap/bin:/home/jungho/bin:/home/jungho/bin/Postman:/home/jungho/go/bin:/home/jungho/bin/sublime_text_3:/usr/local/go/bin:/home/jungho/projects/istio-0.2.12/bin, XAUTHORITY=/home/jungho/.Xauthority, SDKMAN_VERSION=5.5.10+240, XMODIFIERS=@im=ibus, XDG_DATA_DIRS=/usr/share/ubuntu:/usr/share/gnome:/usr/local/share:/usr/share:/var/lib/snapd/desktop:/var/lib/snapd/desktop, GDMSESSION=ubuntu, MANDATORY_PATH=/usr/share/gconf/ubuntu.mandatory.path, GTK_IM_MODULE=ibus, DBUS_SESSION_BUS_ADDRESS=unix:abstract=/tmp/dbus-wrpG4g1OoT, DEFAULTS_PATH=/usr/share/gconf/ubuntu.default.path, XDG_CURRENT_DESKTOP=Unity, UPSTART_SESSION=unix:abstract=/com/ubuntu/upstart-session/1000/1420, QT4_IM_MODULE=xim, SDKMAN_DIR=/home/jungho/.sdkman, QT_LINUX_ACCESSIBILITY_ALWAYS_ON=1, LOGNAME=jungho, JOB=unity-settings-daemon, PWD=/home/jungho/projects/k8s-fundamentals/todo-app/todo-api-java, IM_CONFIG_PHASE=1, SPRINGBOOT_HOME=/home/jungho/.sdkman/candidates/springboot/current, LANGUAGE=en_CA:en, WINDOWID=56623110, NVM_CD_FLAGS=-q, SHELL=/bin/zsh, INSTANCE=, GTK2_MODULES=overlay-scrollbar, OLDPWD=/home/jungho/.sdkman/candidates/gradle/current, VISUAL=vim, UPSTART_INSTANCE=, GNOME_DESKTOP_SESSION_ID=this-is-deprecated, GTK_MODULES=gail:atk-bridge:unity-gtk-module, CLUTTER_IM_MODULE=xim, XDG_SESSION_PATH=/org/freedesktop/DisplayManager/Session0, NVM_IOJS_ORG_MIRROR=https://iojs.org/dist, COMPIZ_BIN_PATH=/usr/bin/, SESSIONTYPE=gnome-session, XDG_SESSION_DESKTOP=ubuntu, LS_COLORS=rs=0:di=01;34:ln=01;36:mh=00:pi=40;33:so=01;35:do=01;35:bd=40;33;01:cd=40;33;01:or=40;31;01:mi=00:su=37;41:sg=30;43:ca=30;41:tw=30;42:ow=34;42:st=37;44:ex=01;32:*.tar=01;31:*.tgz=01;31:*.arc=01;31:*.arj=01;31:*.taz=01;31:*.lha=01;31:*.lz4=01;31:*.lzh=01;31:*.lzma=01;31:*.tlz=01;31:*.txz=01;31:*.tzo=01;31:*.t7z=01;31:*.zip=01;31:*.z=01;31:*.Z=01;31:*.dz=01;31:*.gz=01;31:*.lrz=01;31:*.lz=01;31:*.lzo=01;31:*.xz=01;31:*.bz2=01;31:*.bz=01;31:*.tbz=01;31:*.tbz2=01;31:*.tz=01;31:*.deb=01;31:*.rpm=01;31:*.jar=01;31:*.war=01;31:*.ear=01;31:*.sar=01;31:*.rar=01;31:*.alz=01;31:*.ace=01;31:*.zoo=01;31:*.cpio=01;31:*.7z=01;31:*.rz=01;31:*.cab=01;31:*.jpg=01;35:*.jpeg=01;35:*.gif=01;35:*.bmp=01;35:*.pbm=01;35:*.pgm=01;35:*.ppm=01;35:*.tga=01;35:*.xbm=01;35:*.xpm=01;35:*.tif=01;35:*.tiff=01;35:*.png=01;35:*.svg=01;35:*.svgz=01;35:*.mng=01;35:*.pcx=01;35:*.mov=01;35:*.mpg=01;35:*.mpeg=01;35:*.m2v=01;35:*.mkv=01;35:*.webm=01;35:*.ogm=01;35:*.mp4=01;35:*.m4v=01;35:*.mp4v=01;35:*.vob=01;35:*.qt=01;35:*.nuv=01;35:*.wmv=01;35:*.asf=01;35:*.rm=01;35:*.rmvb=01;35:*.flc=01;35:*.avi=01;35:*.fli=01;35:*.flv=01;35:*.gl=01;35:*.dl=01;35:*.xcf=01;35:*.xwd=01;35:*.yuv=01;35:*.cgm=01;35:*.emf=01;35:*.ogv=01;35:*.ogx=01;35:*.aac=00;36:*.au=00;36:*.flac=00;36:*.m4a=00;36:*.mid=00;36:*.midi=00;36:*.mka=00;36:*.mp3=00;36:*.mpc=00;36:*.ogg=00;36:*.ra=00;36:*.wav=00;36:*.oga=00;36:*.opus=00;36:*.spx=00;36:*.xspf=00;36:, SDKMAN_CURRENT_API=https://api.sdkman.io/2, SHLVL=2, TMUX_PANE=%6, MANPATH=/home/jungho/.nvm/versions/node/v8.9.1/share/man:/usr/local/man:/usr/local/share/man:/usr/share/man, COMPIZ_CONFIG_PROFILE=ubuntu, QT_IM_MODULE=ibus, UPSTART_JOB=unity7, MONGODB_URL=localhost:27017, JAVA_HOME=/usr/lib/jvm/java-8-openjdk-amd64, KOTLIN_HOME=/home/jungho/.sdkman/candidates/kotlin/current, TERM=screen-256color, XDG_CONFIG_DIRS=/etc/xdg/xdg-ubuntu:/usr/share/upstart/xdg:/etc/xdg, GNOME_KEYRING_CONTROL=, LANG=en_CA.UTF-8, XDG_SEAT_PATH=/org/freedesktop/DisplayManager/Seat0, XDG_SESSION_ID=c2, XDG_SESSION_TYPE=x11, GRADLE_HOME=/home/jungho/.sdkman/candidates/gradle/current, GROOVY_HOME=/home/jungho/.sdkman/candidates/groovy/current, DISPLAY=:0, NVM_NODEJS_ORG_MIRROR=https://nodejs.org/dist, SDKMAN_CANDIDATES_DIR=/home/jungho/.sdkman/candidates, _=/home/jungho/.sdkman/candidates/gradle/current/bin/gradle, SDKMAN_LEGACY_API=https://api.sdkman.io/1, GDM_LANG=en_CA, NVM_DIR=/home/jungho/.nvm, LSCOLORS=Gxfxcxdxbxegedabagacad, XDG_GREETER_DATA_DIR=/var/lib/lightdm-data/jungho, UPSTART_EVENTS=xsession started, GPG_AGENT_INFO=/home/jungho/.gnupg/S.gpg-agent:0:1, DESKTOP_SESSION=ubuntu, SESSION=ubuntu, SDKMAN_PLATFORM=Linux64, USER=jungho, XDG_MENU_PREFIX=gnome-, VTE_VERSION=4205, QT_ACCESSIBILITY=1, SSH_AUTH_SOCK=/run/user/1000/keyring/ssh, XDG_SEAT=seat0, EVENT_NOEPOLL=1, QT_QPA_PLATFORMTHEME=appmenu-qt5, TMUX=/tmp/tmux-1000/default,5365,6, XDG_VTNR=7, XDG_RUNTIME_DIR=/run/user/1000, NVM_BIN=/home/jungho/.nvm/versions/node/v8.9.1/bin, HOME=/home/jungho, GNOME_KEYRING_PID=}}]
18:02:04.733 [Test worker] DEBUG org.springframework.core.env.MutablePropertySources - Adding PropertySource 'inline' with highest search precedence
18:02:04.738 [Test worker] DEBUG org.springframework.test.context.support.TestPropertySourceUtils - Adding inlined properties to environment: {spring.jmx.enabled=false, org.springframework.boot.test.context.SpringBootTestContextBootstrapper=true, server.port=-1}
18:02:04.738 [Test worker] DEBUG org.springframework.core.env.StandardEnvironment - Adding PropertySource 'Inlined Test Properties' with highest search precedence
2017-11-29 18:02:05.010 ERROR 16458 --- [    Test worker] o.s.b.l.LoggingApplicationListener       : Cannot set level: ${SPRING_LOG_LEVEL} for 'org.springframework.web'
2017-11-29 18:02:05.012 ERROR 16458 --- [    Test worker] o.s.b.l.LoggingApplicationListener       : Cannot set level: ${APP_LOG_LEVEL} for 'ca.architech'

  .   ____          _            __ _ _
 /\\ / ___'_ __ _ _(_)_ __  __ _ \ \ \ \
( ( )\___ | '_ | '_| | '_ \/ _` | \ \ \ \
 \\/  ___)| |_)| | | | | || (_| |  ) ) ) )
  '  |____| .__|_| |_|_| |_\__, | / / / /
 =========|_|==============|___/=/_/_/_/
 :: Spring Boot ::        (v1.5.9.RELEASE)

]]></system-out>
  <system-err><![CDATA[]]></system-err>
</testsuite>
